2023-05-14 04:15:59,042 This will get logged to a file
2023-05-14 04:16:17,995 This is a Warning jsut checking from /work
2023-05-14 04:16:21,035 This is a Warning jsut checking from /work
2023-05-14 04:16:39,902 Converted retries value: 3 -> Retry(total=3, connect=None, read=None, redirect=None, status=None)
2023-05-14 04:16:39,937 Making request: POST https://oauth2.googleapis.com/token
2023-05-14 04:16:39,941 Starting new HTTPS connection (1): oauth2.googleapis.com:443
2023-05-14 04:16:40,410 https://oauth2.googleapis.com:443 "POST /token HTTP/1.1" 200 None
2023-05-14 04:16:40,414 Starting new HTTPS connection (1): storage.googleapis.com:443
2023-05-14 04:16:40,941 https://storage.googleapis.com:443 "GET /storage/v1/b/checked_upload?projection=noAcl&prettyPrint=false HTTP/1.1" 200 589
2023-05-14 04:16:41,915 https://storage.googleapis.com:443 "POST /upload/storage/v1/b/checked_upload/o?uploadType=multipart HTTP/1.1" 200 851
2023-05-14 04:17:21,340 This is a Warning jsut checking from /work
2023-05-14 04:18:01,671 This is a Warning jsut checking from /work
2023-05-14 04:18:24,759 Converted retries value: 3 -> Retry(total=3, connect=None, read=None, redirect=None, status=None)
2023-05-14 04:18:24,789 Making request: POST https://oauth2.googleapis.com/token
2023-05-14 04:18:24,791 Starting new HTTPS connection (1): oauth2.googleapis.com:443
2023-05-14 04:18:25,108 https://oauth2.googleapis.com:443 "POST /token HTTP/1.1" 200 None
2023-05-14 04:18:25,110 Starting new HTTPS connection (1): storage.googleapis.com:443
2023-05-14 04:18:25,644 https://storage.googleapis.com:443 "GET /storage/v1/b/checked_upload?projection=noAcl&prettyPrint=false HTTP/1.1" 200 589
2023-05-14 04:18:26,368 https://storage.googleapis.com:443 "POST /upload/storage/v1/b/checked_upload/o?uploadType=multipart HTTP/1.1" 200 859
2023-05-14 04:19:19,410 Home Page
2023-05-14 04:19:26,890 Calling on_field_start with no data
2023-05-14 04:19:26,890 Calling on_field_name with data[0:8]
2023-05-14 04:19:26,890 Calling on_field_data with data[9:28]
2023-05-14 04:19:26,890 Calling on_field_end with no data
2023-05-14 04:19:26,890 Calling on_field_start with no data
2023-05-14 04:19:26,890 Calling on_field_name with data[29:37]
2023-05-14 04:19:26,890 Calling on_field_data with data[38:46]
2023-05-14 04:19:26,892 Calling on_field_end with no data
2023-05-14 04:19:26,892 Calling on_end with no data
2023-05-14 04:19:27,711 Home Page
2023-05-14 04:19:33,778 No db found
2023-05-14 04:19:33,786 Some error occured while loading db4 inside /work route. for 2k user file
2023-05-14 04:19:36,234 This is a Warning jsut checking from /work
